<?xml version="1.0" encoding="UTF-8"?>
<!-- Generated by org.testng.reporters.JUnitReportReporter -->
<testsuite skipped="0" hostname="Chetuiwk1317" name="paint.OpenPaint" tests="1" failures="0" timestamp="03 Jun 2017 10:53:20 GMT" time="4.186" errors="0">
  <testcase name="openWord" time="4.186" classname="paint.OpenPaint"/>
</testsuite> <!-- paint.OpenPaint -->
