<?xml version="1.0" encoding="UTF-8"?>
<!-- Generated by org.testng.reporters.JUnitReportReporter -->
<testsuite skipped="0" hostname="Chetuiwk1317" name="windowApplications.OpenApplications" tests="8" failures="0" timestamp="05 Jun 2017 18:07:45 GMT" time="29.411" errors="1">
  <testcase name="openWord" time="6.159" classname="windowApplications.OpenApplications"/>
  <testcase name="openNotePad" time="3.314" classname="windowApplications.OpenApplications"/>
  <testcase name="openChrome" time="3.567" classname="windowApplications.OpenApplications"/>
  <testcase name="openExcel" time="0.000" classname="windowApplications.OpenApplications">
    <error type="java.lang.NullPointerException">
      <![CDATA[java.lang.NullPointerException
	at java.util.regex.Matcher.getTextLength(Matcher.java:1283)
	at java.util.regex.Matcher.reset(Matcher.java:309)
	at java.util.regex.Matcher.<init>(Matcher.java:229)
	at java.util.regex.Pattern.matcher(Pattern.java:1093)
	at com.relevantcodes.extentreports.utils.ExceptionUtil.getExceptionHeadline(ExceptionUtil.java:24)
	at com.relevantcodes.extentreports.Report.setCauseTest(Report.java:368)
	at com.relevantcodes.extentreports.Report.finalizeTest(Report.java:336)
	at com.relevantcodes.extentreports.ExtentReports.endTest(ExtentReports.java:622)
	at windowApplications.OpenApplications.openExcel(OpenApplications.java:104)
	at sun.reflect.NativeMethodAccessorImpl.invoke0(Native Method)
	at sun.reflect.NativeMethodAccessorImpl.invoke(NativeMethodAccessorImpl.java:62)
	at sun.reflect.DelegatingMethodAccessorImpl.invoke(DelegatingMethodAccessorImpl.java:43)
	at java.lang.reflect.Method.invoke(Method.java:498)
	at org.testng.internal.MethodInvocationHelper.invokeMethod(MethodInvocationHelper.java:108)
	at org.testng.internal.Invoker.invokeMethod(Invoker.java:661)
	at org.testng.internal.Invoker.invokeTestMethod(Invoker.java:869)
	at org.testng.internal.Invoker.invokeTestMethods(Invoker.java:1193)
	at org.testng.internal.TestMethodWorker.invokeTestMethods(TestMethodWorker.java:126)
	at org.testng.internal.TestMethodWorker.run(TestMethodWorker.java:109)
	at org.testng.TestRunner.privateRun(TestRunner.java:744)
	at org.testng.TestRunner.run(TestRunner.java:602)
	at org.testng.SuiteRunner.runTest(SuiteRunner.java:380)
	at org.testng.SuiteRunner.runSequentially(SuiteRunner.java:375)
	at org.testng.SuiteRunner.privateRun(SuiteRunner.java:340)
	at org.testng.SuiteRunner.run(SuiteRunner.java:289)
	at org.testng.SuiteRunnerWorker.runSuite(SuiteRunnerWorker.java:52)
	at org.testng.SuiteRunnerWorker.run(SuiteRunnerWorker.java:86)
	at org.testng.TestNG.runSuitesSequentially(TestNG.java:1301)
	at org.testng.TestNG.runSuitesLocally(TestNG.java:1226)
	at org.testng.TestNG.runSuites(TestNG.java:1144)
	at org.testng.TestNG.run(TestNG.java:1115)
	at org.testng.remote.AbstractRemoteTestNG.run(AbstractRemoteTestNG.java:132)
	at org.testng.remote.RemoteTestNG.initAndRun(RemoteTestNG.java:230)
	at org.testng.remote.RemoteTestNG.main(RemoteTestNG.java:76)
]]>
    </error>
  </testcase> <!-- openExcel -->
  <testcase name="openWordPad" time="3.333" classname="windowApplications.OpenApplications"/>
  <testcase name="openPOSTMAN" time="3.323" classname="windowApplications.OpenApplications"/>
  <testcase name="openWAMP" time="3.108" classname="windowApplications.OpenApplications"/>
  <testcase name="openOutlook" time="6.607" classname="windowApplications.OpenApplications"/>
</testsuite> <!-- windowApplications.OpenApplications -->
