<?xml version="1.0" encoding="UTF-8"?>
<!-- Generated by org.testng.reporters.JUnitReportReporter -->
<testsuite skipped="0" hostname="Chetuiwk1317" name="word.OpenWord" tests="1" failures="0" timestamp="03 Jun 2017 10:54:22 GMT" time="7.891" errors="0">
  <testcase name="openWord" time="7.891" classname="word.OpenWord"/>
</testsuite> <!-- word.OpenWord -->
